Què vols fer?
1: generar hidato
2: validar hidato
3: resoldre hidato
4: llegir hidato
5: mostrar hidato
6: FAQ
Llegit!
Què vols fer?
1: generar hidato
2: validar hidato
3: resoldre hidato
4: llegir hidato
5: mostrar hidato
6: FAQ
Es pot solucionar
Què vols fer?
1: generar hidato
2: validar hidato
3: resoldre hidato
4: llegir hidato
5: mostrar hidato
6: FAQ
#,#,#,#,34,35,36,37,46,47
#,#,#,33,32,*,*,38,45,48
#,#,#,#,#,31,*,39,44,49
#,1,#,29,30,*,40,43,50,#
5,4,2,28,26,24,41,42,51,#
6,3,*,27,25,23,53,52,#,#
8,7,*,18,21,22,54,#,#,#
9,*,17,19,20,*,55,56,#,#
11,10,15,16,64,63,62,57,58,#
12,13,14,65,66,67,61,60,59,#
Què vols fer?
1: generar hidato
2: validar hidato
3: resoldre hidato
4: llegir hidato
5: mostrar hidato
6: FAQ
Llegit!
Què vols fer?
1: generar hidato
2: validar hidato
3: resoldre hidato
4: llegir hidato
5: mostrar hidato
6: FAQ
Es pot solucionar
Què vols fer?
1: generar hidato
2: validar hidato
3: resoldre hidato
4: llegir hidato
5: mostrar hidato
6: FAQ
11,9,8,7,#
10,12,13,6,5
#,#,14,18,4
#,#,15,17,3
#,#,16,1,2
Què vols fer?
1: generar hidato
2: validar hidato
3: resoldre hidato
4: llegir hidato
5: mostrar hidato
6: FAQ
Llegit!
Què vols fer?
1: generar hidato
2: validar hidato
3: resoldre hidato
4: llegir hidato
5: mostrar hidato
6: FAQ
Es pot solucionar
Què vols fer?
1: generar hidato
2: validar hidato
3: resoldre hidato
4: llegir hidato
5: mostrar hidato
6: FAQ
#,#,3,2,1
#,5,4,13,14
7,6,11,12,15
8,9,10,17,16
#,#,#,18,19
Què vols fer?
1: generar hidato
2: validar hidato
3: resoldre hidato
4: llegir hidato
5: mostrar hidato
6: FAQ
Llegit!
Què vols fer?
1: generar hidato
2: validar hidato
3: resoldre hidato
4: llegir hidato
5: mostrar hidato
6: FAQ
Es pot solucionar
Què vols fer?
1: generar hidato
2: validar hidato
3: resoldre hidato
4: llegir hidato
5: mostrar hidato
6: FAQ
1,2,3,4,5
#,#,#,7,6
#,#,#,8,9
#,13,12,11,10
#,14,15,16,17
Què vols fer?
1: generar hidato
2: validar hidato
3: resoldre hidato
4: llegir hidato
5: mostrar hidato
6: FAQ
Llegit!
Què vols fer?
1: generar hidato
2: validar hidato
3: resoldre hidato
4: llegir hidato
5: mostrar hidato
6: FAQ
Es pot solucionar
Què vols fer?
1: generar hidato
2: validar hidato
3: resoldre hidato
4: llegir hidato
5: mostrar hidato
6: FAQ
11,10,3,2,1
12,4,9,7,8
13,5,6,*,20
14,15,21,19,22
17,16,18,24,23
Què vols fer?
1: generar hidato
2: validar hidato
3: resoldre hidato
4: llegir hidato
5: mostrar hidato
6: FAQ
